{
  "0 debug pnpm:scope": {
    "selected": 1,
    "workspacePrefix": "D:\\项目文件\\tyh-ui"
  },
  "1 error pnpm": {
    "errno": 1,
    "code": "ELIFECYCLE",
    "pkgid": "tyh-ui@",
    "stage": "dev:docs",
    "script": "pnpm run dev --filter @tyh-ui/docs",
    "pkgname": "tyh-ui",
    "err": {
      "name": "pnpm",
      "message": "tyh-ui@ dev:docs: `pnpm run dev --filter @tyh-ui/docs`\nExit status 1",
      "code": "ELIFECYCLE",
      "stack": "pnpm: tyh-ui@ dev:docs: `pnpm run dev --filter @tyh-ui/docs`\nExit status 1\n    at EventEmitter.<anonymous> (C:\\Users\\14694\\AppData\\Roaming\\npm\\node_modules\\pnpm\\dist\\pnpm.cjs:105724:20)\n    at EventEmitter.emit (node:events:390:28)\n    at ChildProcess.<anonymous> (C:\\Users\\14694\\AppData\\Roaming\\npm\\node_modules\\pnpm\\dist\\pnpm.cjs:92285:18)\n    at ChildProcess.emit (node:events:390:28)\n    at maybeClose (node:internal/child_process:1064:16)\n    at Process.ChildProcess._handle.onexit (node:internal/child_process:301:5)"
    }
  }
}